<?xml version="1.0" encoding="UTF-8"?>
<testng-results ignored="0" total="1" passed="1" failed="0" skipped="0">
  <reporter-output>
  </reporter-output>
  <suite started-at="2023-02-27T18:30:58 IST" name="Default suite" finished-at="2023-02-27T18:32:06 IST" duration-ms="68249">
    <groups>
    </groups>
    <test started-at="2023-02-27T18:30:58 IST" name="Default test" finished-at="2023-02-27T18:32:06 IST" duration-ms="68249">
      <class name="com_adactin_testcases.BookingConfirmationPageTest">
        <test-method signature="bookingtest()[pri:0, instance:com_adactin_testcases.BookingConfirmationPageTest@7cc0cdad]" started-at="2023-02-27T18:30:58 IST" name="bookingtest" finished-at="2023-02-27T18:32:06 IST" duration-ms="67893" status="PASS">
          <reporter-output>
          </reporter-output>
        </test-method> <!-- bookingtest -->
        <test-method is-config="true" signature="quit()[pri:0, instance:com_adactin_testcases.BookingConfirmationPageTest@7cc0cdad]" started-at="2023-02-27T18:32:06 IST" name="quit" finished-at="2023-02-27T18:32:06 IST" duration-ms="307" status="PASS">
          <reporter-output>
          </reporter-output>
        </test-method> <!-- quit -->
      </class> <!-- com_adactin_testcases.BookingConfirmationPageTest -->
    </test> <!-- Default test -->
  </suite> <!-- Default suite -->
</testng-results>
